<?xml version="1.0" encoding="UTF-8"?>
<testng-results ignored="0" total="1" passed="1" failed="0" skipped="0">
  <reporter-output>
  </reporter-output>
  <suite started-at="2022-12-20T14:43:51 IST" name="Default suite" finished-at="2022-12-20T14:43:51 IST" duration-ms="69">
    <groups>
    </groups>
    <test started-at="2022-12-20T14:43:51 IST" name="Default test" finished-at="2022-12-20T14:43:51 IST" duration-ms="69">
      <class name="com.jenkinTest.create.SampleTest">
        <test-method signature="sampleCode()[pri:0, instance:com.jenkinTest.create.SampleTest@28f3b248]" started-at="2022-12-20T14:43:51 IST" name="sampleCode" finished-at="2022-12-20T14:43:51 IST" duration-ms="10" status="PASS">
          <reporter-output>
          </reporter-output>
        </test-method> <!-- sampleCode -->
      </class> <!-- com.jenkinTest.create.SampleTest -->
    </test> <!-- Default test -->
  </suite> <!-- Default suite -->
</testng-results>
